omegalib data search paths:
::: D:\Workspace\omegalib\build-release\release-win32
::: 
::: D:/Workspace/omegalib/core/data
omegalib application config lookup:
::: trying orun/orun.cfg
::: not found, trying orun.cfg
::: not found, trying default.cfg
::: found config: default.cfg
>>>>>>>>>>>>>>>>>>>>>>>>>>>>>>>>>>>>>>>>>>>>>>>>>>>>>>>>>>>>>>>>>>>>>>>>>>>>>>>> OMEGALIB BOOT
SystemManager::setup
Opened config file: default.cfg
Opened config file: system/desktop.cfg
SystemManager::setupDisplaySystem: type = Equalizer
Bezel size: 0 0
canvas pixel size: 840 480
Service added: MouseService
Service added: KeyboardService
Service added: ViewRayService
Initializing mission control server...
MissionControlServer: adding log listener
ServiceManager::initialize
Event buffer allocated. Max events: 1024
MissionControlServer: adding log listener
SharedDataServices::registerObject: queuing interp for registration
PythonInterpreter::initialize: found local python library in ./python
PythonInterpreter::addPythonPath: ./
PythonInterpreter::addPythonPath: D:/Workspace/omegalib/core/data
PythonInterpreter: starting interactive shell thread.
omegaPythonApiInit()
Python Interpreter initialized.
<<<<<<<<<<<<<<<<<<<<<<<<<<<<<<<<<<<<<<<<<<<<<<<<<<<<<<<<<<<<<<<<<<<<<<<<<<<<<<<< OMEGALIB BOOT


>>>>>>>>>>>>>>>>>>>>>>>>>>>>>>>>>>>>>>>>>>>>>>>>>>>>>>>>>>>>>>>>>>>>>>>>>>>>>>>> DISPLAY INITIALIZATION
[EQ] ConfigImpl::ConfigImpl
[EQ] ConfigImpl::init
Console: adding log listener
Camera controller: keyboardmouse
[EQ] NodeImpl::NodeImpl
[EQ] NodeImpl::configInit 21b6f115c087df9a:f7727d7deec7946c
@Renderer::Initialize: id = 0
<<<<<<<<<<<<<<<<<<<<<<<<<<<<<<<<<<<<<<<<<<<<<<<<<<<<<<<<<<<<<<<<<<<<<<<<<<<<<<<< DISPLAY INITIALIZATION


>>>>>>>>>>>>>>>>>>>>>>>>>>>>>>>>>>>>>>>>>>>>>>>>>>>>>>>>>>>>>>>>>>>>>>>>>>>>>>>> APPLICATION LOOP
!!! EventSharingModule::share: server not initialized yet. Ignoring call.
omegaToolkitPythonApiInit()
cyclopsPythonApiInit()
PythonInterpreter::runFile: running default_init.py
UiModule initializing...
UiModule initialization OK
Renderer(0): adding render pass UiRenderPass



---------------------------------------------------------------------
Welcome to orun!
	omegalib version 4.0.1
	To get a list of quick commands type :?
	Type :? . to list all global symbols
	Type :? C to list all members of class or variable `C`
		example :? SceneNode
	Type :? ./C [prefix] to list global symbols or object members starting with `prefix`
		example :? . si
		example :? SceneNode set




ui viewport update: position = 0 0 size = 840 480
PythonInterpreter::runFile: running examples/spincube.py
Renderer(0): adding render pass OsgRenderPass
SceneManager configuration loaded
::    Shadows enabled: 0
:: Shadow resolution ratio: 1
Recompiling shaders (variation: .0-811c9dc5)
ModelLoaderThread: start
Creating vertex shader cyclops/common/textured.vert.0-811c9dc5
Loading shader: cyclops/common/textured.vert
Creating fragment shader cyclops/common/textured-emissive.frag.0-811c9dc5
Loading shader: cyclops/common/textured-emissive.frag
<<<<<<<<<<<<<<<<<<<<<<<<<<<<<<<<<<<<<<<<<<<<<<<<<<<<<<<<<<<<<<<<<<<<<<<<<<<<<<<< APPLICATION LOOP


>>>>>>>>>>>>>>>>>>>>>>>>>>>>>>>>>>>>>>>>>>>>>>>>>>>>>>>>>>>>>>>>>>>>>>>>>>>>>>>> OMEGALIB SHUTDOWN
MissionControlServer: removing log listener
~PythonInterpreter
Engine::dispose
ModuleServices::disposeAll
EventSharingModule::dispose
MenuManager::dispose: cleaning up 2 menus
~Menu Main Menu
~Widget container
~Widget Widget_6
~Widget Widget_9
~Widget Widget_8
~Widget subMenu_button
~Menu Submenu
~Widget container
~Widget Widget_13
~Widget Widget_12
~Widget button
~Widget Widget_16
~Widget Widget_15
~Widget button
~Widget Widget_19
~Widget Widget_18
~Widget button
~Widget Widget_22
~Widget Widget_21
~Widget button
~Widget label
~Widget Widget_24
~Widget Widget_27
~Widget Widget_26
~Widget button
~Widget Widget_30
~Widget Widget_29
~Widget button
~Widget Widget_33
~Widget Widget_32
~Widget button
~Widget Widget_36
~Widget Widget_35
~Widget button
UiModule::dispose
Engine: removing render pass UiRenderPass
Engine: removing render pass OsgRenderPass
ModelLoaderThread: shutdown
SceneManager::unload: emptying load queue (0 queued items)
SceneManager::unload: releasing 0 models
SceneManager::unload: releasing 0 lights
SceneManager::unload: releasing 1 programs
SceneManager::unload: releasing 2 programs
~EngineModule OmegaViewer
~EngineModule EventSharingModule
~EngineModule CameraController
~Node: root
~MenuManager
~UiModule
~EngineModule UiModule
~EngineModule MenuManager
~OsgModule
~EngineModule OsgModule
~EngineModule SceneManager
~Node: Unnamed_2
Engine::dispose: cleaning up 0 cameras
~Node: DefaultCamera
~SceneView
~SceneView
~RenderPass OsgRenderPass
~Widget Widget_5
~Widget Widget_4
~Widget mainButton
~Widget Widget_1
~RenderPass UiRenderPass
~Engine
~Console: removing log listener
<<<<<<<<<<<<<<<<<<<<<<<<<<<<<<<<<<<<<<<<<<<<<<<<<<<<<<<<<<<<<<<<<<<<<<<<<<<<<<<< OMEGALIB SHUTDOWN


===================== ReferenceType object leaks follow:
class omegaToolkit::ui::DefaultButtonRenderable: 1
class omicron::FilesystemDataSource: 4
class omicron::FilesystemDataSource: 1
class omega::MissionControlServer: 1
class omegaToolkit::ui::LabelRenderable: 1
class omega::MissionControlConnection: 2
class omega::MissionControlMessageHandler: 1
class omegaToolkit::ui::ContainerRenderable: 1
class omegaToolkit::ui::ImageRenderable: 1
struct omega::RenderableCommand: 4
